SF:lib/tasks/data/org_parsing.dart
DA:6,1
DA:7,1
DA:9,1
DA:12,0
DA:15,1
DA:16,1
DA:17,1
DA:23,1
DA:24,1
DA:25,3
DA:26,0
DA:29,1
DA:31,1
DA:32,4
DA:36,3
DA:37,3
DA:39,0
DA:44,1
DA:45,1
DA:47,1
DA:48,2
DA:49,1
DA:51,1
DA:57,1
DA:62,1
DA:63,1
DA:64,2
DA:65,1
DA:77,1
DA:79,1
DA:80,3
DA:81,3
DA:84,1
DA:85,1
DA:86,1
DA:89,1
DA:90,1
DA:91,1
DA:101,1
DA:103,1
DA:104,1
LF:41
LH:38
end_of_record
SF:lib/common/data/json_converters/pb_date_converter.dart
DA:4,1
DA:6,0
DA:8,0
DA:9,0
DA:12,0
DA:14,0
DA:19,0
DA:21,0
DA:23,0
DA:26,0
DA:28,0
LF:11
LH:1
end_of_record
SF:lib/tasks/domain/project.dart
DA:15,0
DA:16,0
DA:18,1
LF:3
LH:1
end_of_record
SF:lib/tasks/domain/project.g.dart
DA:9,0
DA:10,0
DA:11,0
DA:12,0
DA:13,0
DA:14,0
DA:17,0
DA:18,0
DA:19,0
DA:20,0
LF:10
LH:0
end_of_record
SF:lib/tasks/domain/task.dart
DA:32,0
DA:34,1
DA:36,0
DA:38,0
LF:4
LH:1
end_of_record
SF:lib/tasks/domain/task.g.dart
DA:9,0
DA:10,0
DA:11,0
DA:13,0
DA:15,0
DA:16,0
DA:17,0
DA:20,0
DA:22,0
DA:23,0
DA:24,0
DA:25,0
DA:27,0
DA:28,0
DA:29,0
DA:31,0
DA:33,0
DA:34,0
DA:35,0
DA:37,0
DA:40,0
DA:41,0
DA:42,0
DA:43,0
DA:44,0
DA:45,0
DA:46,0
DA:47,0
DA:48,0
DA:49,0
DA:50,0
DA:51,0
DA:56,0
DA:59,0
LF:34
LH:0
end_of_record
